
ROM used:   23510/131056 (18%)
            23510/131056 (18%) including unused fragments

            5.2 Average locations per line
            14.7 Average locations per statement

RAM used:   1254/3578 (35%) at main() level
            1310/3578 (37%) worst case

Stack used: 6 worst case (4 in main + 2 for interrupts)
Stack size: 31

Lines Stmts  %   Files
----- ----- ---  -----
  143    67   4  CompicMain.c
 1454     0   0  C:\Program Files (x86)\PICC\Devices\18F67J94.h
  150     0   0  PIC18F67J94_REGISTERS.h
  521   184  11  ComPic_Settings.c
  135    89   6  CPic_RPic.c
  108    41   3  CPic_MPic.c
  398   217  14  NEWTRX_Functions.c
  366   181  11  OLDTRX_Functions.c
  218   312  19  CW_Morse.c
 1007   512  32  GS_CMD.c
----- -----
 4500  1603 Total

Page ROM  %  RAM    Vol Diff  Functions:
---- --- --- ---    --- ----  ----------
0     30   0    0             @FLASHWR
0     42   0    1             @delay_ms1
0     68   0    1             @PUTCHAR_1_
0     14   0    0             @PUTCHARI_BIU_2
0     30   0    0             @GETCH_BIU_2
0     80   0    4    145  3.9  SERIAL_ISR2
0     28   0    0     52  2.3  MPic_Available
0     80   0    0    245  5.0  MPic_Read
0     14   0    0             @PUTCHARI_BIU_3
0     30   0    0             @GETCH_BIU_3
0     80   0    4    145  3.9  SERIAL_ISR3
0     26   0    0     52  2.3  RPic_Available
0     80   0    0    245  5.0  RPic_Read
0     14   0    0     27  1.0  RPic_flush
0      8   0    0             @PUTCHARI_BIU_4
0     26   0    0             @GETCH_BIU_4
0     76   0    4    114  3.8  SERIAL_ISR1
0     12   0    0     13  1.0  OLDTRX_Available
0     80   0    0    245  5.0  OLDTRX_Read
0     12   0    0             @PUTCHARI_BIU_5
0     30   0    0             @GETCH_BIU_5
0     76   0    4    114  3.8  SERIAL_ISR4
0     10   0    0     13  1.0  NEWTRX_Available
0     74   0    0    223  5.4  NEWTRX_Read
0     18   0    0     25  1.3  NEWTRX_flush
0     22   0    0     25  1.2  printline
0     32   0    6    133  4.2  CLEAR_DATA_ARRAY
0    260   1   24    687  8.6  CALCULATE_CRC
0     60   0    5             @SPI_XFER_1
0     26   0    0     59  1.6  FM_WRITE_ENABLE
0    216   0   12    955  5.4  FM_SECTOR_ERASE
0    136   0   10    738  5.1  FM_BYTE_WRITE
0    162   0   10    715  4.9  FM_BYTE_READ_
0    110   0    4    315  5.8  CHECK_UART_INCOMING_FROM_RESET_PIC
0     74   0    2    166  3.8  PRINT_RECIVED_COMMAND_FROM_RESET_PIC
0     10   0    0             @const1134
0     40   0    3             @PSTRINGC_1032
0     70   0    2             @PRINTF_X_1032
0    252   1    9    631  7.5  COMUNICATION_WITH_RST_PIC_AND_WAIT_FOR_RESPONE
0     32   0    0             @const1149
0     48   0    4             @PSTRINGCN_1032
0     52   0    3             @DIV88
0    188   0    6             @PRINTF_D_1032
0     32   0    0             @const1159
0     34   0    0             @const1160
0    454   1    7   1618  7.9  COMUNICATE_WITH_RSTPIC_EVERY90SEC_AND_ASK_CW_DATA_FROM_MAINPIC
0     36   0    5             @MUL1616
0     22   0    0             @const1169
0     90   0    6    508  3.2  UPDATE_RESET_PIC_TIME_BY_COM_PIC
0    112   0    4    315  5.8  CHECK_UART_INCOMING_FROM_MAIN_PIC
0     10   0    0             @const1183
0    270   1    9    625  7.5  COMUNICATION_WITH_MAIN_PIC_AND_WAIT_FOR_RESPONE
0     30   0    0             @const1187
0     34   0    0             @const1189
0     30   0    0             @const1190
0     72   0    1    247  2.8  GET_FM_ACCESS_FROM_MAIN_PIC
0     20   0    0     43  1.3  NEW_TRX_RX_MODE
0     18   0    0             @const1194
0     46   0    1     61  1.4  NEW_TRX_TX_MODE
0     18   0    0             @const1196
0    348   1    2    711  4.4  LOAD_CW_MODE_AND_NEW_TRX_STATUS
0     28   0    0             @const1198
0     28   0    0             @const1199
0     22   0    0             @const1200
0     22   0    0             @const1201
0     22   0    0             @const1202
0     22   0    0             @const1203
0     22   0    0             @const1204
0     24   0    0             @const1205
0     26   0    0             @const1206
0     50   0    0    154  2.5  ENABLE_DISABLE_NEW_TRX_POWER
0     26   0    0             @const1208
0     26   0    0             @const1209
0    110   0    5    331  5.8  CHECK_UART_INCOMING_FROM_NEW_TRX
0    694   1   11   1601  8.2  EXTRACTING_NEW_TRANCEIVER_COMMAND
0     22   0    0             @const1218
0    134   0    2             @PRINTF_U_1032
0     28   0    0             @const1222
0     18   0    0             @const1227
0     16   0    0             @const1228
0     16   0    0             @const1229
0     16   0    0             @const1230
0     66   0    3    165  4.4  DELAY_UNTILL_TRX_FINISH_TRANSMITTING_A_PACKET
0    330   1   10   2150  8.4  NEWTRX_SEND_ACKNOWLEDGEMENT
0    568   1   27   2049  7.7  NEW_TRX_SEND_DATA_PACKETS_TO_GS
0     92   0   14             @MUL3232
0    442   1   14   2455  7.2  NEW_TRX_SEND_1PCKT_BEACON
0     44   0    0    100  1.6  OLD_TRX_RX_MODE
0     18   0    0             @const1255
0     50   0    0    100  1.6  OLD_TRX_TX_MODE
0     18   0    0             @const1257
0     50   0    0    100  1.6  OLD_TRX_CW_MODE
0     18   0    0             @const1259
0    110   0    5    331  5.8  CHECK_UART_INCOMING_FROM_OLD_TRX
0    406   1   10   1065  8.2  EXTRACTING_OLD_TRANCEIVER_COMMAND
0     40   0    0             @const1269
0     32   0    0             @const1270
0    356   1   10   2091  8.4  OLDTRX_SEND_ACKNOWLEDGEMENT
0    604   1   27   2028  8.3  OLD_TRX_SEND_DATA_PACKETS_TO_GS
0    478   1   14   2433  7.1  OLD_TRX_SEND_1PCKT_BEACON
0     18   0    0     32  1.0  CH_SPACE
0     32   0    1     35  1.0  WORD_SPACE
0     34   0    0     67  1.2  DIT
0     34   0    0     74  1.2  DAH
0     10   0    0     31  1.1  CW_A
0     14   0    0     54  1.3  CW_B
0     14   0    0     54  1.3  CW_C
0     12   0    0     42  1.2  CW_D
0      8   0    0     21  1.0  CW_E
0     14   0    0     54  1.3  CW_F
0     12   0    0     42  1.2  CW_G
0     14   0    0     54  1.3  CW_H
0     10   0    0     31  1.1  CW_I
0     14   0    0     54  1.3  CW_J
0     12   0    0     42  1.2  CW_K
0     14   0    0     54  1.3  CW_L
0     10   0    0     31  1.1  CW_M
0     10   0    0     31  1.1  CW_N
0     12   0    0     42  1.2  CW_O
0     14   0    0     54  1.3  CW_P
0     14   0    0     54  1.3  CW_Q
0     12   0    0     42  1.2  CW_R
0     12   0    0     42  1.2  CW_S
0      8   0    0     21  1.0  CW_T
0     12   0    0     42  1.2  CW_U
0     14   0    0     54  1.3  CW_V
0     12   0    0     42  1.2  CW_W
0     14   0    0     54  1.3  CW_X
0     14   0    0     54  1.3  CW_Y
0     14   0    0     54  1.3  CW_Z
0     16   0    0     66  1.3  CW_0
0     16   0    0     66  1.3  CW_1
0     16   0    0     66  1.3  CW_2
0     16   0    0     66  1.3  CW_3
0     16   0    0     66  1.3  CW_4
0     16   0    0     66  1.3  CW_5
0     16   0    0     66  1.3  CW_6
0     16   0    0     66  1.3  CW_7
0     16   0    0     66  1.3  CW_8
0     16   0    0     66  1.3  CW_9
0    828   2    1   3794  3.5  CW_LTR
0    320   1    6   1517  6.4  SEND_CW_NEWTRX
0     34   0    0             @const1333
0     28   0    0             @const1336
0    270   1    2    658  4.3  SEND_CW_OLDTRX
0     34   0    0             @const1340
0      2   0    0             @const1341
0     40   0    3             @PSTRINGC_1331
0      2   0    0             @const1343
0      2   0    0             @const1344
0      2   0    0             @const1345
0      2   0    0             @const1346
0      2   0    0             @const1347
0      6   0    0             @const1348
0     94   0    6    309  4.2  PACKETS_DOWNLOAD_WITHOUT_FM_ACCESS
0     46   0    0             @const1353
0     94   0    6    309  4.2  _PACKETS_DOWNLOAD_WITHOUT_FM_ACCESS
0     46   0    0             @const1357
0    266   1    7   1009  5.9  PACKETS_DOWNLOAD_WITH_FM_FULL_ACCESS
0     42   0    0             @const1361
0     30   0    0             @const1365
0     34   0    0             @const1366
0    268   1    7   1009  5.9  _PACKETS_DOWNLOAD_WITH_FM_FULL_ACCESS
0     42   0    0             @const1368
0     30   0    0             @const1372
0     34   0    0             @const1373
0    536   1   13   1994  9.6  DATA_DOWNLOAD_FROM_MAIN_FM_OR_MSN_FM
0     36   0    0             @const1376
0     36   0    0             @const1377
0     38   0    0             @const1379
0     56   0    0             @const1381
0     20   0    0             @const1384
0     26   0    0             @const1385
0    536   1   13   1994  9.6  _DATA_DOWNLOAD_FROM_MAIN_FM_OR_MSN_FM
0     36   0    0             @const1388
0     36   0    0             @const1389
0     38   0    0             @const1391
0     56   0    0             @const1393
0     20   0    0             @const1396
0     26   0    0             @const1397
0    262   1    4    740  6.6  FLASH_MEMORY_SECTOR_ERASE
0     36   0    0             @const1399
0     22   0    0             @const1401
0     28   0    0             @const1402
0    262   1    4    740  6.6  _FLASH_MEMORY_SECTOR_ERASE
0     36   0    0             @const1404
0     22   0    0             @const1406
0     28   0    0             @const1407
0    272   1    4    797  7.1  TRANSFERING_ANTENNA_RELATED_CMD_TO_MAINPIC
0     52   0    0             @const1409
0     22   0    0             @const1411
0     28   0    0             @const1412
0    272   1    4    797  7.1  _TRANSFERING_ANTENNA_RELATED_CMD_TO_MAINPIC
0     52   0    0             @const1414
0     22   0    0             @const1416
0     28   0    0             @const1417
0    272   1    4    797  7.1  SENDING_APRS_MISSION_CMD_TO_MAINPIC
0     46   0    0             @const1419
0     22   0    0             @const1421
0     28   0    0             @const1422
0    272   1    4    797  7.1  _SENDING_APRS_MISSION_CMD_TO_MAINPIC
0     46   0    0             @const1424
0     22   0    0             @const1426
0     28   0    0             @const1427
0    206   0    5    367  4.6  CONTROL_CW_TX_MODE
0     30   0    0             @const1429
0     22   0    0             @FLASHLOAD
0    216   0    5    367  4.6  _CONTROL_CW_TX_MODE
0     30   0    0             @const1434
0    208   0    5    385  4.6  CONTROL_NEW_TRX_POWER
0     32   0    0             @const1438
0    218   0    5    385  4.6  _CONTROL_NEW_TRX_POWER
0     32   0    0             @const1442
0    104   0    2    309  5.4  _TURN_ON_CW_FOR_ONE_MINUTE
0     36   0    0             @const1446
0    182   0    6    318  5.8  TLE_DOWNLINK_MISSION
0     32   0    0             @const1449
0    934   2   12   1912  8.7  _TLE_DOWNLINK_MISSION
0     32   0    0             @const1452
0    152   0    0    558  4.2  UPDATE_RST_PIC_TIME_BY_GS_CMD
0     40   0    0             @const1464
0     26   0    0             @const1465
0     28   0    0             @const1466
0    154   0    0    558  4.2  _UPDATE_RST_PIC_TIME_BY_GS_CMD
0     40   0    0             @const1468
0     26   0    0             @const1469
0     28   0    0             @const1470
0    264   1    4    800  6.7  SEND_CUURENT_TIME_OF_THE_SATELLITE
0     38   0    0             @const1472
0     22   0    0             @const1474
0     30   0    0             @const1475
0    264   1    4    800  6.7  _SEND_CUURENT_TIME_OF_THE_SATELLITE
0     38   0    0             @const1477
0     22   0    0             @const1479
0     30   0    0             @const1480
0     52   0    0    138  3.3  RESTART_RESET_PIC_BY_GS_CMD
0     38   0    0             @const1482
0     52   0    0    138  3.3  _RESTART_RESET_PIC_BY_GS_CMD
0     38   0    0             @const1484
0    228   0    0    926  4.3  FAB_KILL_SWITCH_CONTROL
0     34   0    0             @const1486
0     36   0    0             @const1487
0     40   0    0             @const1488
0    228   0    0    926  4.3  _FAB_KILL_SWITCH_CONTROL
0     34   0    0             @const1490
0     36   0    0             @const1491
0     40   0    0             @const1492
0    572   1    8   1544  7.5  _UPDATING_NEWTRX_SETTINGS_BY_GS_CMD
0     38   0    0             @const1494
0     20   0    0             @const1500
0     38   0    0             @const1501
0     48   0    0             @const1502
0     48   0    0             @const1503
0     22   0    0             @const1504
0     26   0    0             @const1505
0    266   1    4    740  7.1  TRANSFER_RESERVATION_CMD_TO_MAINPIC
0     46   0    0             @const1507
0     22   0    0             @const1509
0     28   0    0             @const1510
0    266   1    4    740  7.1  _TRANSFER_RESERVATION_CMD_TO_MAINPIC
0     46   0    0             @const1512
0     22   0    0             @const1514
0     28   0    0             @const1515
0     92   0    1    359  2.3  Settings
0     28   0    0             @const1519
0    710   2    1   1317  5.3  MAIN
0     42   0    0             @const1523
0     36   0    0             @const1524
 Inline         0             @cinit1

Program metrics:
    Functions               122
    Statements              1603
    Comments                846
    Volume (V)              120504
    Difficulty (D)          468.4
    Effort to implement (E) 56443432
    Time to implement (T)   871 hours, 2 minutes
    Est Delivered Bugs (B)  49
    Cyclomatic Complexity   237
    Maintainability (MI)    53

 Segment     Used  Free
-----------  ----  ----
00000-00004     6  0  
00006-00006     0  2  
00008-000E0   218  0  
000E2-0FFFE  23286  42024  
10000-1FFEE     0  65520  



